[ECMWF-INFO -ecsbatch] - -------------------------------------------------------------------------------------
[ECMWF-INFO -ecsbatch] -  This is the ECMWF jobfilter
[ECMWF-INFO -ecsbatch] -  +++ Please report issues using the Support portal +++
[ECMWF-INFO -ecsbatch] -  +++ https://support.ecmwf.int                     +++
[ECMWF-INFO -ecsbatch] -  /usr/local/bin/ecsbatch: size: 52065, mtime: Tue Nov 12 09:54:58 2024
[ECMWF-INFO -ecsbatch] - -------------------------------------------------------------------------------------
[ECMWF-INFO -ecsbatch] - Time at submit: Mon Dec  9 11:43:02 2024 (1733744582.7298539) on ac6-208.bullx:/etc/ecmwf/nfs/dh1_home_b/nhab
[ECMWF-INFO -ecsbatch] - --- SLURM VARIABLES ---
[ECMWF-INFO -ecsbatch] - EC_CLUSTER=ac
[ECMWF-INFO -ecsbatch] - SLURM_EXPORT_ENV=ALL
[ECMWF-INFO -ecsbatch] - SBATCH_EXPORT=NONE
[ECMWF-INFO -ecsbatch] - -----------------------
[ECMWF-INFO -ecsbatch] - jobscript received on STDIN
[ECMWF-INFO -ecsbatch] - --- SCRIPT OPTIONS ---
[ECMWF-INFO -ecsbatch] - #SBATCH --output=/etc/ecmwf/nfs/dh2_perm_b/nhab/hm_home/deode/my_fork/Creategrib.log
[ECMWF-INFO -ecsbatch] - #SBATCH --job-name=Creategrib
[ECMWF-INFO -ecsbatch] - #SBATCH --nodes=1
[ECMWF-INFO -ecsbatch] - #SBATCH --ntasks=1
[ECMWF-INFO -ecsbatch] - #SBATCH --qos=nf
[ECMWF-INFO -ecsbatch] - #SBATCH --signal=USR1@30
[ECMWF-INFO -ecsbatch] - #SBATCH --time=00:15:00
[ECMWF-INFO -ecsbatch] - -----------------------
[ECMWF-INFO -ecsbatch] - --- POST-PROCESSED OPTIONS ---
[ECMWF-INFO -ecsbatch] - ARG --job_name=Creategrib
[ECMWF-INFO -ecsbatch] - ARG --ntasks=1
[ECMWF-INFO -ecsbatch] - ARG --nodes=1
[ECMWF-INFO -ecsbatch] - ARG --output=/etc/ecmwf/nfs/dh2_perm_b/nhab/hm_home/deode/my_fork/Creategrib.log
[ECMWF-INFO -ecsbatch] - ARG --qos=nf
[ECMWF-INFO -ecsbatch] - ARG --signal=USR1@30
[ECMWF-INFO -ecsbatch] - ARG --time=00:15:00
[ECMWF-INFO -ecsbatch] - ------------------------------
[ECMWF-INFO -ecsbatch] - jobtag: nhab-Creategrib-1x2-/etc/ecmwf/nfs/dh2_perm_b/nhab/hm_home/deode/my_fork/Creategrib.log
[ECMWF-INFO -ecsbatch] - ['/usr/bin/sbatch', '--job-name=Creategrib', '--ntasks=1', '--nodes=1', '--output=/etc/ecmwf/nfs/dh2_perm_b/nhab/hm_home/deode/my_fork/Creategrib.log', '--qos=nf', '--signal=USR1@30', '--time=00:15:00', '--export=SLURM_JOB_STDOUT=/etc/ecmwf/nfs/dh2_perm_b/nhab/hm_home/deode/my_fork/Creategrib.log,EC_user_time_limit=00:15:00']
[ECMWF-INFO -ecsbatch] - ecsbatch executed on ac
[ECMWF-INFO -ecsbatch] - Job queued on ac using method local
[ECMWF-INFO -ecsbatch] - Submitted batch job 34010149
[ECMWF-INFO -ecprofile] /usr/bin/bash NON_INTERACTIVE on ac6-189 at 20241209_114308.488, PID: 706726, JOBID: 34010149
[ECMWF-INFO -ecprofile] $SCRATCH=/ec/res4/scratch/nhab
[ECMWF-INFO -ecprofile] $PERM=/perm/nhab
[ECMWF-INFO -ecprofile] $HPCPERM=/ec/res4/hpcperm/nhab
[ECMWF-INFO -ecprofile] $TMPDIR=/etc/ecmwf/ssd/ssd1/tmpdirs/nhab.34010149
[ECMWF-INFO -ecprofile] $SCRATCHDIR=/ec/res4/scratchdir/nhab/5/34010149

Due to MODULEPATH changes, the following have been reloaded:
  1) ecmwf-toolbox/2024.02.1.0     3) hdf5/1.10.6            5) netcdf4/4.7.4
  2) fftw/3.3.9                    4) hpcx-openmpi/2.9.0

The following have been reloaded with a version change:
  1) prgenv/gnu => prgenv/intel

2024-12-09 11:43:19 | INFO     | Running task Creategrib
2024-12-09 11:43:19 | INFO     | Task search path: ['/etc/ecmwf/nfs/dh2_perm_b/nhab/hm_home/deode/my_fork/deode/tasks']
2024-12-09 11:43:19 | INFO     | Loading module deode.tasks.archive
2024-12-09 11:43:19 | INFO     | Loading module deode.tasks.base
2024-12-09 11:43:19 | INFO     | Loading module deode.tasks.batch
2024-12-09 11:43:19 | INFO     | Loading module deode.tasks.c903
2024-12-09 11:43:20 | INFO     | Skipping task marsprep imported by deode.tasks.c903
2024-12-09 11:43:20 | INFO     | Loading module deode.tasks.canari
2024-12-09 11:43:20 | INFO     | Loading module deode.tasks.clean_old_data
2024-12-09 11:43:20 | INFO     | Loading module deode.tasks.cleaning_tasks
2024-12-09 11:43:20 | INFO     | Loading module deode.tasks.collectlogs
2024-12-09 11:43:20 | INFO     | Loading module deode.tasks.creategrib
2024-12-09 11:43:20 | INFO     | Loading module deode.tasks.discover_task
2024-12-09 11:43:20 | INFO     | Loading module deode.tasks.e923
2024-12-09 11:43:20 | INFO     | Loading module deode.tasks.e923_update
2024-12-09 11:43:20 | INFO     | Loading module deode.tasks.e927
2024-12-09 11:43:20 | INFO     | Loading module deode.tasks.extractsqlite
2024-12-09 11:43:20 | INFO     | Loading module deode.tasks.forecast
2024-12-09 11:43:20 | INFO     | Loading module deode.tasks.gmtedsoil
2024-12-09 11:43:20 | INFO     | Loading module deode.tasks.gribmodify
2024-12-09 11:43:20 | INFO     | Loading module deode.tasks.impacts
2024-12-09 11:43:20 | INFO     | Loading module deode.tasks.iomerge
2024-12-09 11:43:20 | INFO     | Loading module deode.tasks.marsprep
2024-12-09 11:43:20 | INFO     | Loading module deode.tasks.serial
2024-12-09 11:43:20 | INFO     | Loading module deode.tasks.sfx
2024-12-09 11:43:20 | INFO     | Skipping task marsprep imported by deode.tasks.sfx
2024-12-09 11:43:20 | INFO     | Task CreateGrib running in /scratch/nhab/deode/CY46h1_HARMONIE_AROME_airquality_DEMO_60x80_2500m_20240916/20240916_0000//ac6-189.bullx708631
2024-12-09 11:43:20 | INFO     | Set ECCODES_DEFINITION_PATH to /etc/ecmwf/nfs/dh2_perm_b/nhab/hm_home/deode/my_fork/deode/data/eccodes/definitions
2024-12-09 11:43:20 | INFO     | Convert: /scratch/nhab/deode/CY46h1_HARMONIE_AROME_airquality_DEMO_60x80_2500m_20240916/archive/2024/09/16/00//ICMSHDEOD+0000h00m00s.sfx to GRIBDEOD+0000h00m00s.sfx
2024-12-09 11:43:20 | INFO     | BATCH: 1
2024-12-09 11:43:20 | INFO     | Batch running srun /etc/ecmwf/nfs/dh1_perm_a/deployde330/github-actions/install/gl/gl-v1.1.0/bin/gl -p /scratch/nhab/deode/CY46h1_HARMONIE_AROME_airquality_DEMO_60x80_2500m_20240916/archive/2024/09/16/00//ICMSHDEOD+0000h00m00s.sfx -o GRIBDEOD+0000h00m00s.sfx -of FA2GRIB2 -n namelist
 gl runs with OpenMP threads:           1
 Using eccodes version:        23500
 Setting "preferLocalConcepts" to 0
 Read namelist number           1
 
 Using namelist :namelist
 
 Open:/scratch/nhab/deode/CY46h1_HARMONIE_AROME_airquality_DEMO_60x80_2500m_20240916/archive/2024/09/16/00//ICMSHDEOD+0000h00m00s.sfx
 stepUnits:s         
 Process  SURFEX metadata: SFX._FBUF_SIZE  
 Found valid SURFEX precision:  1.000000000000000E+020
 Scaling booleans - ljust_scale: F lcrop_scale: F
 Scaling booleans - ljust_scale: F lcrop_scale: F
 Input geometry:
 
 Data comes from:         233         255          40
 Projection     : lambert                       
 Nlon,Nlat,Nlev :          60          80          90
 South,West     :   51.1994334990689        4.03895929250509     
 North,East     :   52.9715819539643        6.20651628084583     
 Latc,Lonc      :   51.9670000000000        4.90000000000000     
 Dlon,Dlat      :   2500.00000000000        2500.00000000000     
 Projlon,Projlat(1,2)    :   4.90000000000000        51.9670000000000     
   51.9670000000000     
 E - zone   (x,y)           11          11
 I - zone   (x,y)            8           8
 Truncation (x,y)           29          39
 Data is C+I+E spectral/gridpoint
 Grid staggering is of type arakawa:A
 
 Output geometry:
 
 Data comes from:          85         255          40
 Projection     : lambert                       
 Nlon,Nlat,Nlev :          49          69          90
 South,West     :   51.1994334990689        4.03895929250509     
 North,East     :   52.7280691215187        5.79091877096215     
 Latc,Lonc      :   51.9670000000000        4.90000000000000     
 Dlon,Dlat      :   2500.00000000000        2500.00000000000     
 Projlon,Projlat(1,2)    :   4.90000000000000        51.9670000000000     
   51.9670000000000     
 E - zone   (x,y)            0           0
 I - zone   (x,y)            8           8
 Truncation (x,y)           29          39
 Data is C+I+E spectral/gridpoint
 Grid staggering is of type arakawa:A
 
 Dimension differ (nlon,nlat)
  g1:          60          80
  g2:          49          69
 Geografy differ (south,west,north,east)
  g1:   51.1994334990689        4.03895929250509        52.9715819539643     
   6.20651628084583     
  g2:   51.1994334990689        4.03895929250509        52.7280691215187     
   5.79091877096215     
 Fields will be cropped
 Table of content
 Found name SFX.SST: 001:011 00000 meanSea             20240916@00:00:00+000h00m00s # (#)
 Found name SFX.SIC: 001:091 00000 meanSea             20240916@00:00:00+000h00m00s # (#)
 Found name SFX.Z0: 001:083 00810 heightAboveGround   20240916@00:00:00+000h00m00s # (#)
 Found name X003TG1: X003TG1                           20240916@00:00:00+000h00m00s # (#)
 Found name X003TG2: X003TG2                           20240916@00:00:00+000h00m00s # (#)
 Found name X003WG1: X003WG1                           20240916@00:00:00+000h00m00s # (#)
 Found name X003WG2: X003WG2                           20240916@00:00:00+000h00m00s # (#)
 Found name X003LAI: X003LAI                           20240916@00:00:00+000h00m00s # (#)
 Found name X003WR: X003WR                            20240916@00:00:00+000h00m00s # (#)
 Found name SFX.TS: 001:011 00000 heightAboveGround   20240916@00:00:00+000h00m00s # (#)
 
 Done setup_readkey (nreadkey,npppkey)          10           0
 
 READ SFX.SST         > 001:011 00000 meanSea             20240916@00:00:00+000h00m00s # (#) GP
 READ SFX.SIC         > 001:091 00000 meanSea             20240916@00:00:00+000h00m00s # (#) GP
 READ SFX.Z0          > 001:083 00810 heightAboveGround   20240916@00:00:00+000h00m00s # (#) GP
 READ X003TG1
 READ X003TG2
 READ X003WG1
 READ X003WG2
 READ X003LAI
 READ X003WR
 READ SFX.TS          > 001:011 00000 heightAboveGround   20240916@00:00:00+000h00m00s # (#) GP
 Writing to:GRIBDEOD+0000h00m00s.sfx
 WRITE: 2     sst       :    00000 surface               20240916@00:00:00+000h00m00s # (#) GP
 WRITE: 2     ci        :    00000 surface               20240916@00:00:00+000h00m00s # (#) GP
 WRITE: 2     fsr       :    00000 surface               20240916@00:00:00+000h00m00s # (#) GP
 WRITE: 2     sot       :    00001 soilLayer             20240916@00:00:00+000h00m00s # (#) GP
 WRITE: 2     sot       :    00002 soilLayer             20240916@00:00:00+000h00m00s # (#) GP
 WRITE: 2     liqvsm    :    00001 soilLayer             20240916@00:00:00+000h00m00s # (#) GP
 WRITE: 2     liqvsm    :    00002 soilLayer             20240916@00:00:00+000h00m00s # (#) GP
 WRITE: 2     lai       :    00000 surface               20240916@00:00:00+000h00m00s # (#) GP
 WRITE: 2     cnwat     :    00000 surface               20240916@00:00:00+000h00m00s # (#) GP
 WRITE: 2     skt       :    00000 surface               20240916@00:00:00+000h00m00s # (#) GP
2024-12-09 11:43:26 | INFO     | mv GRIBDEOD+0000h00m00s.sfx /scratch/nhab/deode/CY46h1_HARMONIE_AROME_airquality_DEMO_60x80_2500m_20240916/archive/2024/09/16/00//GRIBDEOD+0000h00m00s.sfx 
2024-12-09 11:43:26 | INFO     | Convert: /scratch/nhab/deode/CY46h1_HARMONIE_AROME_airquality_DEMO_60x80_2500m_20240916/archive/2024/09/16/00//ICMSHDEOD+0001h00m00s.sfx to GRIBDEOD+0001h00m00s.sfx
2024-12-09 11:43:26 | INFO     | BATCH: 1
2024-12-09 11:43:26 | INFO     | Batch running srun /etc/ecmwf/nfs/dh1_perm_a/deployde330/github-actions/install/gl/gl-v1.1.0/bin/gl -p /scratch/nhab/deode/CY46h1_HARMONIE_AROME_airquality_DEMO_60x80_2500m_20240916/archive/2024/09/16/00//ICMSHDEOD+0001h00m00s.sfx -o GRIBDEOD+0001h00m00s.sfx -of FA2GRIB2 -n namelist
 gl runs with OpenMP threads:           1
 Using eccodes version:        23500
 Setting "preferLocalConcepts" to 0
 Read namelist number           1
 
 Using namelist :namelist
 
 Open:/scratch/nhab/deode/CY46h1_HARMONIE_AROME_airquality_DEMO_60x80_2500m_20240916/archive/2024/09/16/00//ICMSHDEOD+0001h00m00s.sfx
 stepUnits:s         
 Process  SURFEX metadata: SFX._FBUF_SIZE  
 Found valid SURFEX precision:  1.000000000000000E+020
 Scaling booleans - ljust_scale: F lcrop_scale: F
 Scaling booleans - ljust_scale: F lcrop_scale: F
 Input geometry:
 
 Data comes from:         233         255          40
 Projection     : lambert                       
 Nlon,Nlat,Nlev :          60          80          90
 South,West     :   51.1994334990689        4.03895929250509     
 North,East     :   52.9715819539643        6.20651628084583     
 Latc,Lonc      :   51.9670000000000        4.90000000000000     
 Dlon,Dlat      :   2500.00000000000        2500.00000000000     
 Projlon,Projlat(1,2)    :   4.90000000000000        51.9670000000000     
   51.9670000000000     
 E - zone   (x,y)           11          11
 I - zone   (x,y)            8           8
 Truncation (x,y)           29          39
 Data is C+I+E spectral/gridpoint
 Grid staggering is of type arakawa:A
 
 Output geometry:
 
 Data comes from:          85         255          40
 Projection     : lambert                       
 Nlon,Nlat,Nlev :          49          69          90
 South,West     :   51.1994334990689        4.03895929250509     
 North,East     :   52.7280691215187        5.79091877096215     
 Latc,Lonc      :   51.9670000000000        4.90000000000000     
 Dlon,Dlat      :   2500.00000000000        2500.00000000000     
 Projlon,Projlat(1,2)    :   4.90000000000000        51.9670000000000     
   51.9670000000000     
 E - zone   (x,y)            0           0
 I - zone   (x,y)            8           8
 Truncation (x,y)           29          39
 Data is C+I+E spectral/gridpoint
 Grid staggering is of type arakawa:A
 
 Dimension differ (nlon,nlat)
  g1:          60          80
  g2:          49          69
 Geografy differ (south,west,north,east)
  g1:   51.1994334990689        4.03895929250509        52.9715819539643     
   6.20651628084583     
  g2:   51.1994334990689        4.03895929250509        52.7280691215187     
   5.79091877096215     
 Fields will be cropped
 Table of content
 Found name SFX.SST: 001:011 00000 meanSea             20240916@00:00:00+000h00m00s-001h00m00s # (#)
 Found name SFX.SIC: 001:091 00000 meanSea             20240916@00:00:00+000h00m00s-001h00m00s # (#)
 Found name SFX.Z0: 001:083 00810 heightAboveGround   20240916@00:00:00+000h00m00s-001h00m00s # (#)
 Found name X003TG1: X003TG1                           20240916@00:00:00+000h00m00s-001h00m00s # (#)
 Found name X003TG2: X003TG2                           20240916@00:00:00+000h00m00s-001h00m00s # (#)
 Found name X003WG1: X003WG1                           20240916@00:00:00+000h00m00s-001h00m00s # (#)
 Found name X003WG2: X003WG2                           20240916@00:00:00+000h00m00s-001h00m00s # (#)
 Found name X003LAI: X003LAI                           20240916@00:00:00+000h00m00s-001h00m00s # (#)
 Found name X003WR: X003WR                            20240916@00:00:00+000h00m00s-001h00m00s # (#)
 Found name SFX.TS: 001:011 00000 heightAboveGround   20240916@00:00:00+000h00m00s-001h00m00s # (#)
 
 Done setup_readkey (nreadkey,npppkey)          10           0
 
 READ SFX.SST         > 001:011 00000 meanSea             20240916@00:00:00+000h00m00s-001h00m00s # (#) GP
 READ SFX.SIC         > 001:091 00000 meanSea             20240916@00:00:00+000h00m00s-001h00m00s # (#) GP
 READ SFX.Z0          > 001:083 00810 heightAboveGround   20240916@00:00:00+000h00m00s-001h00m00s # (#) GP
 READ X003TG1
 READ X003TG2
 READ X003WG1
 READ X003WG2
 READ X003LAI
 READ X003WR
 READ SFX.TS          > 001:011 00000 heightAboveGround   20240916@00:00:00+000h00m00s-001h00m00s # (#) GP
 Writing to:GRIBDEOD+0001h00m00s.sfx
 WRITE: 2     sst       :    00000 surface               20240916@00:00:00+000h00m00s-001h00m00s # (#) GP
 WRITE: 2     ci        :    00000 surface               20240916@00:00:00+000h00m00s-001h00m00s # (#) GP
 WRITE: 2     fsr       :    00000 surface               20240916@00:00:00+000h00m00s-001h00m00s # (#) GP
 WRITE: 2     sot       :    00001 soilLayer             20240916@00:00:00+000h00m00s-001h00m00s # (#) GP
 WRITE: 2     sot       :    00002 soilLayer             20240916@00:00:00+000h00m00s-001h00m00s # (#) GP
 WRITE: 2     liqvsm    :    00001 soilLayer             20240916@00:00:00+000h00m00s-001h00m00s # (#) GP
 WRITE: 2     liqvsm    :    00002 soilLayer             20240916@00:00:00+000h00m00s-001h00m00s # (#) GP
 WRITE: 2     lai       :    00000 surface               20240916@00:00:00+000h00m00s-001h00m00s # (#) GP
 WRITE: 2     cnwat     :    00000 surface               20240916@00:00:00+000h00m00s-001h00m00s # (#) GP
 WRITE: 2     skt       :    00000 surface               20240916@00:00:00+000h00m00s-001h00m00s # (#) GP
2024-12-09 11:43:28 | INFO     | mv GRIBDEOD+0001h00m00s.sfx /scratch/nhab/deode/CY46h1_HARMONIE_AROME_airquality_DEMO_60x80_2500m_20240916/archive/2024/09/16/00//GRIBDEOD+0001h00m00s.sfx 
2024-12-09 11:43:28 | INFO     | Convert: /scratch/nhab/deode/CY46h1_HARMONIE_AROME_airquality_DEMO_60x80_2500m_20240916/archive/2024/09/16/00//ICMSHDEOD+0002h00m00s.sfx to GRIBDEOD+0002h00m00s.sfx
2024-12-09 11:43:28 | INFO     | BATCH: 1
2024-12-09 11:43:28 | INFO     | Batch running srun /etc/ecmwf/nfs/dh1_perm_a/deployde330/github-actions/install/gl/gl-v1.1.0/bin/gl -p /scratch/nhab/deode/CY46h1_HARMONIE_AROME_airquality_DEMO_60x80_2500m_20240916/archive/2024/09/16/00//ICMSHDEOD+0002h00m00s.sfx -o GRIBDEOD+0002h00m00s.sfx -of FA2GRIB2 -n namelist
 gl runs with OpenMP threads:           1
 Using eccodes version:        23500
 Setting "preferLocalConcepts" to 0
 Read namelist number           1
 
 Using namelist :namelist
 
 Open:/scratch/nhab/deode/CY46h1_HARMONIE_AROME_airquality_DEMO_60x80_2500m_20240916/archive/2024/09/16/00//ICMSHDEOD+0002h00m00s.sfx
 stepUnits:s         
 Process  SURFEX metadata: SFX._FBUF_SIZE  
 Found valid SURFEX precision:  1.000000000000000E+020
 Scaling booleans - ljust_scale: F lcrop_scale: F
 Scaling booleans - ljust_scale: F lcrop_scale: F
 Input geometry:
 
 Data comes from:         233         255          40
 Projection     : lambert                       
 Nlon,Nlat,Nlev :          60          80          90
 South,West     :   51.1994334990689        4.03895929250509     
 North,East     :   52.9715819539643        6.20651628084583     
 Latc,Lonc      :   51.9670000000000        4.90000000000000     
 Dlon,Dlat      :   2500.00000000000        2500.00000000000     
 Projlon,Projlat(1,2)    :   4.90000000000000        51.9670000000000     
   51.9670000000000     
 E - zone   (x,y)           11          11
 I - zone   (x,y)            8           8
 Truncation (x,y)           29          39
 Data is C+I+E spectral/gridpoint
 Grid staggering is of type arakawa:A
 
 Output geometry:
 
 Data comes from:          85         255          40
 Projection     : lambert                       
 Nlon,Nlat,Nlev :          49          69          90
 South,West     :   51.1994334990689        4.03895929250509     
 North,East     :   52.7280691215187        5.79091877096215     
 Latc,Lonc      :   51.9670000000000        4.90000000000000     
 Dlon,Dlat      :   2500.00000000000        2500.00000000000     
 Projlon,Projlat(1,2)    :   4.90000000000000        51.9670000000000     
   51.9670000000000     
 E - zone   (x,y)            0           0
 I - zone   (x,y)            8           8
 Truncation (x,y)           29          39
 Data is C+I+E spectral/gridpoint
 Grid staggering is of type arakawa:A
 
 Dimension differ (nlon,nlat)
  g1:          60          80
  g2:          49          69
 Geografy differ (south,west,north,east)
  g1:   51.1994334990689        4.03895929250509        52.9715819539643     
   6.20651628084583     
  g2:   51.1994334990689        4.03895929250509        52.7280691215187     
   5.79091877096215     
 Fields will be cropped
 Table of content
 Found name SFX.SST: 001:011 00000 meanSea             20240916@00:00:00+000h00m00s-002h00m00s # (#)
 Found name SFX.SIC: 001:091 00000 meanSea             20240916@00:00:00+000h00m00s-002h00m00s # (#)
 Found name SFX.Z0: 001:083 00810 heightAboveGround   20240916@00:00:00+000h00m00s-002h00m00s # (#)
 Found name X003TG1: X003TG1                           20240916@00:00:00+000h00m00s-002h00m00s # (#)
 Found name X003TG2: X003TG2                           20240916@00:00:00+000h00m00s-002h00m00s # (#)
 Found name X003WG1: X003WG1                           20240916@00:00:00+000h00m00s-002h00m00s # (#)
 Found name X003WG2: X003WG2                           20240916@00:00:00+000h00m00s-002h00m00s # (#)
 Found name X003LAI: X003LAI                           20240916@00:00:00+000h00m00s-002h00m00s # (#)
 Found name X003WR: X003WR                            20240916@00:00:00+000h00m00s-002h00m00s # (#)
 Found name SFX.TS: 001:011 00000 heightAboveGround   20240916@00:00:00+000h00m00s-002h00m00s # (#)
 
 Done setup_readkey (nreadkey,npppkey)          10           0
 
 READ SFX.SST         > 001:011 00000 meanSea             20240916@00:00:00+000h00m00s-002h00m00s # (#) GP
 READ SFX.SIC         > 001:091 00000 meanSea             20240916@00:00:00+000h00m00s-002h00m00s # (#) GP
 READ SFX.Z0          > 001:083 00810 heightAboveGround   20240916@00:00:00+000h00m00s-002h00m00s # (#) GP
 READ X003TG1
 READ X003TG2
 READ X003WG1
 READ X003WG2
 READ X003LAI
 READ X003WR
 READ SFX.TS          > 001:011 00000 heightAboveGround   20240916@00:00:00+000h00m00s-002h00m00s # (#) GP
 Writing to:GRIBDEOD+0002h00m00s.sfx
 WRITE: 2     sst       :    00000 surface               20240916@00:00:00+000h00m00s-002h00m00s # (#) GP
 WRITE: 2     ci        :    00000 surface               20240916@00:00:00+000h00m00s-002h00m00s # (#) GP
 WRITE: 2     fsr       :    00000 surface               20240916@00:00:00+000h00m00s-002h00m00s # (#) GP
 WRITE: 2     sot       :    00001 soilLayer             20240916@00:00:00+000h00m00s-002h00m00s # (#) GP
 WRITE: 2     sot       :    00002 soilLayer             20240916@00:00:00+000h00m00s-002h00m00s # (#) GP
 WRITE: 2     liqvsm    :    00001 soilLayer             20240916@00:00:00+000h00m00s-002h00m00s # (#) GP
 WRITE: 2     liqvsm    :    00002 soilLayer             20240916@00:00:00+000h00m00s-002h00m00s # (#) GP
 WRITE: 2     lai       :    00000 surface               20240916@00:00:00+000h00m00s-002h00m00s # (#) GP
 WRITE: 2     cnwat     :    00000 surface               20240916@00:00:00+000h00m00s-002h00m00s # (#) GP
 WRITE: 2     skt       :    00000 surface               20240916@00:00:00+000h00m00s-002h00m00s # (#) GP
2024-12-09 11:43:38 | INFO     | mv GRIBDEOD+0002h00m00s.sfx /scratch/nhab/deode/CY46h1_HARMONIE_AROME_airquality_DEMO_60x80_2500m_20240916/archive/2024/09/16/00//GRIBDEOD+0002h00m00s.sfx 
2024-12-09 11:43:38 | INFO     | Convert: /scratch/nhab/deode/CY46h1_HARMONIE_AROME_airquality_DEMO_60x80_2500m_20240916/archive/2024/09/16/00//ICMSHDEOD+0003h00m00s.sfx to GRIBDEOD+0003h00m00s.sfx
2024-12-09 11:43:38 | INFO     | BATCH: 1
2024-12-09 11:43:38 | INFO     | Batch running srun /etc/ecmwf/nfs/dh1_perm_a/deployde330/github-actions/install/gl/gl-v1.1.0/bin/gl -p /scratch/nhab/deode/CY46h1_HARMONIE_AROME_airquality_DEMO_60x80_2500m_20240916/archive/2024/09/16/00//ICMSHDEOD+0003h00m00s.sfx -o GRIBDEOD+0003h00m00s.sfx -of FA2GRIB2 -n namelist
 gl runs with OpenMP threads:           1
 Using eccodes version:        23500
 Setting "preferLocalConcepts" to 0
 Read namelist number           1
 
 Using namelist :namelist
 
 Open:/scratch/nhab/deode/CY46h1_HARMONIE_AROME_airquality_DEMO_60x80_2500m_20240916/archive/2024/09/16/00//ICMSHDEOD+0003h00m00s.sfx
 stepUnits:s         
 Process  SURFEX metadata: SFX._FBUF_SIZE  
 Found valid SURFEX precision:  1.000000000000000E+020
 Scaling booleans - ljust_scale: F lcrop_scale: F
 Scaling booleans - ljust_scale: F lcrop_scale: F
 Input geometry:
 
 Data comes from:         233         255          40
 Projection     : lambert                       
 Nlon,Nlat,Nlev :          60          80          90
 South,West     :   51.1994334990689        4.03895929250509     
 North,East     :   52.9715819539643        6.20651628084583     
 Latc,Lonc      :   51.9670000000000        4.90000000000000     
 Dlon,Dlat      :   2500.00000000000        2500.00000000000     
 Projlon,Projlat(1,2)    :   4.90000000000000        51.9670000000000     
   51.9670000000000     
 E - zone   (x,y)           11          11
 I - zone   (x,y)            8           8
 Truncation (x,y)           29          39
 Data is C+I+E spectral/gridpoint
 Grid staggering is of type arakawa:A
 
 Output geometry:
 
 Data comes from:          85         255          40
 Projection     : lambert                       
 Nlon,Nlat,Nlev :          49          69          90
 South,West     :   51.1994334990689        4.03895929250509     
 North,East     :   52.7280691215187        5.79091877096215     
 Latc,Lonc      :   51.9670000000000        4.90000000000000     
 Dlon,Dlat      :   2500.00000000000        2500.00000000000     
 Projlon,Projlat(1,2)    :   4.90000000000000        51.9670000000000     
   51.9670000000000     
 E - zone   (x,y)            0           0
 I - zone   (x,y)            8           8
 Truncation (x,y)           29          39
 Data is C+I+E spectral/gridpoint
 Grid staggering is of type arakawa:A
 
 Dimension differ (nlon,nlat)
  g1:          60          80
  g2:          49          69
 Geografy differ (south,west,north,east)
  g1:   51.1994334990689        4.03895929250509        52.9715819539643     
   6.20651628084583     
  g2:   51.1994334990689        4.03895929250509        52.7280691215187     
   5.79091877096215     
 Fields will be cropped
 Table of content
 Found name SFX.SST: 001:011 00000 meanSea             20240916@00:00:00+000h00m00s-003h00m00s # (#)
 Found name SFX.SIC: 001:091 00000 meanSea             20240916@00:00:00+000h00m00s-003h00m00s # (#)
 Found name SFX.Z0: 001:083 00810 heightAboveGround   20240916@00:00:00+000h00m00s-003h00m00s # (#)
 Found name X003TG1: X003TG1                           20240916@00:00:00+000h00m00s-003h00m00s # (#)
 Found name X003TG2: X003TG2                           20240916@00:00:00+000h00m00s-003h00m00s # (#)
 Found name X003WG1: X003WG1                           20240916@00:00:00+000h00m00s-003h00m00s # (#)
 Found name X003WG2: X003WG2                           20240916@00:00:00+000h00m00s-003h00m00s # (#)
 Found name X003LAI: X003LAI                           20240916@00:00:00+000h00m00s-003h00m00s # (#)
 Found name X003WR: X003WR                            20240916@00:00:00+000h00m00s-003h00m00s # (#)
 Found name SFX.TS: 001:011 00000 heightAboveGround   20240916@00:00:00+000h00m00s-003h00m00s # (#)
 
 Done setup_readkey (nreadkey,npppkey)          10           0
 
 READ SFX.SST         > 001:011 00000 meanSea             20240916@00:00:00+000h00m00s-003h00m00s # (#) GP
 READ SFX.SIC         > 001:091 00000 meanSea             20240916@00:00:00+000h00m00s-003h00m00s # (#) GP
 READ SFX.Z0          > 001:083 00810 heightAboveGround   20240916@00:00:00+000h00m00s-003h00m00s # (#) GP
 READ X003TG1
 READ X003TG2
 READ X003WG1
 READ X003WG2
 READ X003LAI
 READ X003WR
 READ SFX.TS          > 001:011 00000 heightAboveGround   20240916@00:00:00+000h00m00s-003h00m00s # (#) GP
 Writing to:GRIBDEOD+0003h00m00s.sfx
 WRITE: 2     sst       :    00000 surface               20240916@00:00:00+000h00m00s-003h00m00s # (#) GP
 WRITE: 2     ci        :    00000 surface               20240916@00:00:00+000h00m00s-003h00m00s # (#) GP
 WRITE: 2     fsr       :    00000 surface               20240916@00:00:00+000h00m00s-003h00m00s # (#) GP
 WRITE: 2     sot       :    00001 soilLayer             20240916@00:00:00+000h00m00s-003h00m00s # (#) GP
 WRITE: 2     sot       :    00002 soilLayer             20240916@00:00:00+000h00m00s-003h00m00s # (#) GP
 WRITE: 2     liqvsm    :    00001 soilLayer             20240916@00:00:00+000h00m00s-003h00m00s # (#) GP
 WRITE: 2     liqvsm    :    00002 soilLayer             20240916@00:00:00+000h00m00s-003h00m00s # (#) GP
 WRITE: 2     lai       :    00000 surface               20240916@00:00:00+000h00m00s-003h00m00s # (#) GP
 WRITE: 2     cnwat     :    00000 surface               20240916@00:00:00+000h00m00s-003h00m00s # (#) GP
 WRITE: 2     skt       :    00000 surface               20240916@00:00:00+000h00m00s-003h00m00s # (#) GP
2024-12-09 11:43:57 | INFO     | mv GRIBDEOD+0003h00m00s.sfx /scratch/nhab/deode/CY46h1_HARMONIE_AROME_airquality_DEMO_60x80_2500m_20240916/archive/2024/09/16/00//GRIBDEOD+0003h00m00s.sfx 
2024-12-09 11:43:57 | INFO     | Convert: /scratch/nhab/deode/CY46h1_HARMONIE_AROME_airquality_DEMO_60x80_2500m_20240916/archive/2024/09/16/00//ICMSHDEOD+0004h00m00s.sfx to GRIBDEOD+0004h00m00s.sfx
2024-12-09 11:43:57 | INFO     | BATCH: 1
2024-12-09 11:43:57 | INFO     | Batch running srun /etc/ecmwf/nfs/dh1_perm_a/deployde330/github-actions/install/gl/gl-v1.1.0/bin/gl -p /scratch/nhab/deode/CY46h1_HARMONIE_AROME_airquality_DEMO_60x80_2500m_20240916/archive/2024/09/16/00//ICMSHDEOD+0004h00m00s.sfx -o GRIBDEOD+0004h00m00s.sfx -of FA2GRIB2 -n namelist
 gl runs with OpenMP threads:           1
 Using eccodes version:        23500
 Setting "preferLocalConcepts" to 0
 Read namelist number           1
 
 Using namelist :namelist
 
 Open:/scratch/nhab/deode/CY46h1_HARMONIE_AROME_airquality_DEMO_60x80_2500m_20240916/archive/2024/09/16/00//ICMSHDEOD+0004h00m00s.sfx
 stepUnits:s         
 Process  SURFEX metadata: SFX._FBUF_SIZE  
 Found valid SURFEX precision:  1.000000000000000E+020
 Scaling booleans - ljust_scale: F lcrop_scale: F
 Scaling booleans - ljust_scale: F lcrop_scale: F
 Input geometry:
 
 Data comes from:         233         255          40
 Projection     : lambert                       
 Nlon,Nlat,Nlev :          60          80          90
 South,West     :   51.1994334990689        4.03895929250509     
 North,East     :   52.9715819539643        6.20651628084583     
 Latc,Lonc      :   51.9670000000000        4.90000000000000     
 Dlon,Dlat      :   2500.00000000000        2500.00000000000     
 Projlon,Projlat(1,2)    :   4.90000000000000        51.9670000000000     
   51.9670000000000     
 E - zone   (x,y)           11          11
 I - zone   (x,y)            8           8
 Truncation (x,y)           29          39
 Data is C+I+E spectral/gridpoint
 Grid staggering is of type arakawa:A
 
 Output geometry:
 
 Data comes from:          85         255          40
 Projection     : lambert                       
 Nlon,Nlat,Nlev :          49          69          90
 South,West     :   51.1994334990689        4.03895929250509     
 North,East     :   52.7280691215187        5.79091877096215     
 Latc,Lonc      :   51.9670000000000        4.90000000000000     
 Dlon,Dlat      :   2500.00000000000        2500.00000000000     
 Projlon,Projlat(1,2)    :   4.90000000000000        51.9670000000000     
   51.9670000000000     
 E - zone   (x,y)            0           0
 I - zone   (x,y)            8           8
 Truncation (x,y)           29          39
 Data is C+I+E spectral/gridpoint
 Grid staggering is of type arakawa:A
 
 Dimension differ (nlon,nlat)
  g1:          60          80
  g2:          49          69
 Geografy differ (south,west,north,east)
  g1:   51.1994334990689        4.03895929250509        52.9715819539643     
   6.20651628084583     
  g2:   51.1994334990689        4.03895929250509        52.7280691215187     
   5.79091877096215     
 Fields will be cropped
 Table of content
 Found name SFX.SST: 001:011 00000 meanSea             20240916@00:00:00+000h00m00s-004h00m00s # (#)
 Found name SFX.SIC: 001:091 00000 meanSea             20240916@00:00:00+000h00m00s-004h00m00s # (#)
 Found name SFX.Z0: 001:083 00810 heightAboveGround   20240916@00:00:00+000h00m00s-004h00m00s # (#)
 Found name X003TG1: X003TG1                           20240916@00:00:00+000h00m00s-004h00m00s # (#)
 Found name X003TG2: X003TG2                           20240916@00:00:00+000h00m00s-004h00m00s # (#)
 Found name X003WG1: X003WG1                           20240916@00:00:00+000h00m00s-004h00m00s # (#)
 Found name X003WG2: X003WG2                           20240916@00:00:00+000h00m00s-004h00m00s # (#)
 Found name X003LAI: X003LAI                           20240916@00:00:00+000h00m00s-004h00m00s # (#)
 Found name X003WR: X003WR                            20240916@00:00:00+000h00m00s-004h00m00s # (#)
 Found name SFX.TS: 001:011 00000 heightAboveGround   20240916@00:00:00+000h00m00s-004h00m00s # (#)
 
 Done setup_readkey (nreadkey,npppkey)          10           0
 
 READ SFX.SST         > 001:011 00000 meanSea             20240916@00:00:00+000h00m00s-004h00m00s # (#) GP
 READ SFX.SIC         > 001:091 00000 meanSea             20240916@00:00:00+000h00m00s-004h00m00s # (#) GP
 READ SFX.Z0          > 001:083 00810 heightAboveGround   20240916@00:00:00+000h00m00s-004h00m00s # (#) GP
 READ X003TG1
 READ X003TG2
 READ X003WG1
 READ X003WG2
 READ X003LAI
 READ X003WR
 READ SFX.TS          > 001:011 00000 heightAboveGround   20240916@00:00:00+000h00m00s-004h00m00s # (#) GP
 Writing to:GRIBDEOD+0004h00m00s.sfx
 WRITE: 2     sst       :    00000 surface               20240916@00:00:00+000h00m00s-004h00m00s # (#) GP
 WRITE: 2     ci        :    00000 surface               20240916@00:00:00+000h00m00s-004h00m00s # (#) GP
 WRITE: 2     fsr       :    00000 surface               20240916@00:00:00+000h00m00s-004h00m00s # (#) GP
 WRITE: 2     sot       :    00001 soilLayer             20240916@00:00:00+000h00m00s-004h00m00s # (#) GP
 WRITE: 2     sot       :    00002 soilLayer             20240916@00:00:00+000h00m00s-004h00m00s # (#) GP
 WRITE: 2     liqvsm    :    00001 soilLayer             20240916@00:00:00+000h00m00s-004h00m00s # (#) GP
 WRITE: 2     liqvsm    :    00002 soilLayer             20240916@00:00:00+000h00m00s-004h00m00s # (#) GP
 WRITE: 2     lai       :    00000 surface               20240916@00:00:00+000h00m00s-004h00m00s # (#) GP
 WRITE: 2     cnwat     :    00000 surface               20240916@00:00:00+000h00m00s-004h00m00s # (#) GP
 WRITE: 2     skt       :    00000 surface               20240916@00:00:00+000h00m00s-004h00m00s # (#) GP
2024-12-09 11:44:10 | INFO     | mv GRIBDEOD+0004h00m00s.sfx /scratch/nhab/deode/CY46h1_HARMONIE_AROME_airquality_DEMO_60x80_2500m_20240916/archive/2024/09/16/00//GRIBDEOD+0004h00m00s.sfx 
2024-12-09 11:44:10 | INFO     | Convert: /scratch/nhab/deode/CY46h1_HARMONIE_AROME_airquality_DEMO_60x80_2500m_20240916/archive/2024/09/16/00//ICMSHDEOD+0005h00m00s.sfx to GRIBDEOD+0005h00m00s.sfx
2024-12-09 11:44:10 | INFO     | BATCH: 1
2024-12-09 11:44:10 | INFO     | Batch running srun /etc/ecmwf/nfs/dh1_perm_a/deployde330/github-actions/install/gl/gl-v1.1.0/bin/gl -p /scratch/nhab/deode/CY46h1_HARMONIE_AROME_airquality_DEMO_60x80_2500m_20240916/archive/2024/09/16/00//ICMSHDEOD+0005h00m00s.sfx -o GRIBDEOD+0005h00m00s.sfx -of FA2GRIB2 -n namelist
 gl runs with OpenMP threads:           1
 Using eccodes version:        23500
 Setting "preferLocalConcepts" to 0
 Read namelist number           1
 
 Using namelist :namelist
 
 Open:/scratch/nhab/deode/CY46h1_HARMONIE_AROME_airquality_DEMO_60x80_2500m_20240916/archive/2024/09/16/00//ICMSHDEOD+0005h00m00s.sfx
 stepUnits:s         
 Process  SURFEX metadata: SFX._FBUF_SIZE  
 Found valid SURFEX precision:  1.000000000000000E+020
 Scaling booleans - ljust_scale: F lcrop_scale: F
 Scaling booleans - ljust_scale: F lcrop_scale: F
 Input geometry:
 
 Data comes from:         233         255          40
 Projection     : lambert                       
 Nlon,Nlat,Nlev :          60          80          90
 South,West     :   51.1994334990689        4.03895929250509     
 North,East     :   52.9715819539643        6.20651628084583     
 Latc,Lonc      :   51.9670000000000        4.90000000000000     
 Dlon,Dlat      :   2500.00000000000        2500.00000000000     
 Projlon,Projlat(1,2)    :   4.90000000000000        51.9670000000000     
   51.9670000000000     
 E - zone   (x,y)           11          11
 I - zone   (x,y)            8           8
 Truncation (x,y)           29          39
 Data is C+I+E spectral/gridpoint
 Grid staggering is of type arakawa:A
 
 Output geometry:
 
 Data comes from:          85         255          40
 Projection     : lambert                       
 Nlon,Nlat,Nlev :          49          69          90
 South,West     :   51.1994334990689        4.03895929250509     
 North,East     :   52.7280691215187        5.79091877096215     
 Latc,Lonc      :   51.9670000000000        4.90000000000000     
 Dlon,Dlat      :   2500.00000000000        2500.00000000000     
 Projlon,Projlat(1,2)    :   4.90000000000000        51.9670000000000     
   51.9670000000000     
 E - zone   (x,y)            0           0
 I - zone   (x,y)            8           8
 Truncation (x,y)           29          39
 Data is C+I+E spectral/gridpoint
 Grid staggering is of type arakawa:A
 
 Dimension differ (nlon,nlat)
  g1:          60          80
  g2:          49          69
 Geografy differ (south,west,north,east)
  g1:   51.1994334990689        4.03895929250509        52.9715819539643     
   6.20651628084583     
  g2:   51.1994334990689        4.03895929250509        52.7280691215187     
   5.79091877096215     
 Fields will be cropped
 Table of content
 Found name SFX.SST: 001:011 00000 meanSea             20240916@00:00:00+000h00m00s-005h00m00s # (#)
 Found name SFX.SIC: 001:091 00000 meanSea             20240916@00:00:00+000h00m00s-005h00m00s # (#)
 Found name SFX.Z0: 001:083 00810 heightAboveGround   20240916@00:00:00+000h00m00s-005h00m00s # (#)
 Found name X003TG1: X003TG1                           20240916@00:00:00+000h00m00s-005h00m00s # (#)
 Found name X003TG2: X003TG2                           20240916@00:00:00+000h00m00s-005h00m00s # (#)
 Found name X003WG1: X003WG1                           20240916@00:00:00+000h00m00s-005h00m00s # (#)
 Found name X003WG2: X003WG2                           20240916@00:00:00+000h00m00s-005h00m00s # (#)
 Found name X003LAI: X003LAI                           20240916@00:00:00+000h00m00s-005h00m00s # (#)
 Found name X003WR: X003WR                            20240916@00:00:00+000h00m00s-005h00m00s # (#)
 Found name SFX.TS: 001:011 00000 heightAboveGround   20240916@00:00:00+000h00m00s-005h00m00s # (#)
 
 Done setup_readkey (nreadkey,npppkey)          10           0
 
 READ SFX.SST         > 001:011 00000 meanSea             20240916@00:00:00+000h00m00s-005h00m00s # (#) GP
 READ SFX.SIC         > 001:091 00000 meanSea             20240916@00:00:00+000h00m00s-005h00m00s # (#) GP
 READ SFX.Z0          > 001:083 00810 heightAboveGround   20240916@00:00:00+000h00m00s-005h00m00s # (#) GP
 READ X003TG1
 READ X003TG2
 READ X003WG1
 READ X003WG2
 READ X003LAI
 READ X003WR
 READ SFX.TS          > 001:011 00000 heightAboveGround   20240916@00:00:00+000h00m00s-005h00m00s # (#) GP
 Writing to:GRIBDEOD+0005h00m00s.sfx
 WRITE: 2     sst       :    00000 surface               20240916@00:00:00+000h00m00s-005h00m00s # (#) GP
 WRITE: 2     ci        :    00000 surface               20240916@00:00:00+000h00m00s-005h00m00s # (#) GP
 WRITE: 2     fsr       :    00000 surface               20240916@00:00:00+000h00m00s-005h00m00s # (#) GP
 WRITE: 2     sot       :    00001 soilLayer             20240916@00:00:00+000h00m00s-005h00m00s # (#) GP
 WRITE: 2     sot       :    00002 soilLayer             20240916@00:00:00+000h00m00s-005h00m00s # (#) GP
 WRITE: 2     liqvsm    :    00001 soilLayer             20240916@00:00:00+000h00m00s-005h00m00s # (#) GP
 WRITE: 2     liqvsm    :    00002 soilLayer             20240916@00:00:00+000h00m00s-005h00m00s # (#) GP
 WRITE: 2     lai       :    00000 surface               20240916@00:00:00+000h00m00s-005h00m00s # (#) GP
 WRITE: 2     cnwat     :    00000 surface               20240916@00:00:00+000h00m00s-005h00m00s # (#) GP
 WRITE: 2     skt       :    00000 surface               20240916@00:00:00+000h00m00s-005h00m00s # (#) GP
2024-12-09 11:44:18 | INFO     | mv GRIBDEOD+0005h00m00s.sfx /scratch/nhab/deode/CY46h1_HARMONIE_AROME_airquality_DEMO_60x80_2500m_20240916/archive/2024/09/16/00//GRIBDEOD+0005h00m00s.sfx 
2024-12-09 11:44:18 | INFO     | Convert: /scratch/nhab/deode/CY46h1_HARMONIE_AROME_airquality_DEMO_60x80_2500m_20240916/archive/2024/09/16/00//ICMSHDEOD+0006h00m00s.sfx to GRIBDEOD+0006h00m00s.sfx
2024-12-09 11:44:18 | INFO     | BATCH: 1
2024-12-09 11:44:18 | INFO     | Batch running srun /etc/ecmwf/nfs/dh1_perm_a/deployde330/github-actions/install/gl/gl-v1.1.0/bin/gl -p /scratch/nhab/deode/CY46h1_HARMONIE_AROME_airquality_DEMO_60x80_2500m_20240916/archive/2024/09/16/00//ICMSHDEOD+0006h00m00s.sfx -o GRIBDEOD+0006h00m00s.sfx -of FA2GRIB2 -n namelist
 gl runs with OpenMP threads:           1
 Using eccodes version:        23500
 Setting "preferLocalConcepts" to 0
 Read namelist number           1
 
 Using namelist :namelist
 
 Open:/scratch/nhab/deode/CY46h1_HARMONIE_AROME_airquality_DEMO_60x80_2500m_20240916/archive/2024/09/16/00//ICMSHDEOD+0006h00m00s.sfx
 stepUnits:s         
 Process  SURFEX metadata: SFX._FBUF_SIZE  
 Found valid SURFEX precision:  1.000000000000000E+020
 Scaling booleans - ljust_scale: F lcrop_scale: F
 Scaling booleans - ljust_scale: F lcrop_scale: F
 Input geometry:
 
 Data comes from:         233         255          40
 Projection     : lambert                       
 Nlon,Nlat,Nlev :          60          80          90
 South,West     :   51.1994334990689        4.03895929250509     
 North,East     :   52.9715819539643        6.20651628084583     
 Latc,Lonc      :   51.9670000000000        4.90000000000000     
 Dlon,Dlat      :   2500.00000000000        2500.00000000000     
 Projlon,Projlat(1,2)    :   4.90000000000000        51.9670000000000     
   51.9670000000000     
 E - zone   (x,y)           11          11
 I - zone   (x,y)            8           8
 Truncation (x,y)           29          39
 Data is C+I+E spectral/gridpoint
 Grid staggering is of type arakawa:A
 
 Output geometry:
 
 Data comes from:          85         255          40
 Projection     : lambert                       
 Nlon,Nlat,Nlev :          49          69          90
 South,West     :   51.1994334990689        4.03895929250509     
 North,East     :   52.7280691215187        5.79091877096215     
 Latc,Lonc      :   51.9670000000000        4.90000000000000     
 Dlon,Dlat      :   2500.00000000000        2500.00000000000     
 Projlon,Projlat(1,2)    :   4.90000000000000        51.9670000000000     
   51.9670000000000     
 E - zone   (x,y)            0           0
 I - zone   (x,y)            8           8
 Truncation (x,y)           29          39
 Data is C+I+E spectral/gridpoint
 Grid staggering is of type arakawa:A
 
 Dimension differ (nlon,nlat)
  g1:          60          80
  g2:          49          69
 Geografy differ (south,west,north,east)
  g1:   51.1994334990689        4.03895929250509        52.9715819539643     
   6.20651628084583     
  g2:   51.1994334990689        4.03895929250509        52.7280691215187     
   5.79091877096215     
 Fields will be cropped
 Table of content
 Found name SFX.SST: 001:011 00000 meanSea             20240916@00:00:00+000h00m00s-006h00m00s # (#)
 Found name SFX.SIC: 001:091 00000 meanSea             20240916@00:00:00+000h00m00s-006h00m00s # (#)
 Found name SFX.Z0: 001:083 00810 heightAboveGround   20240916@00:00:00+000h00m00s-006h00m00s # (#)
 Found name X003TG1: X003TG1                           20240916@00:00:00+000h00m00s-006h00m00s # (#)
 Found name X003TG2: X003TG2                           20240916@00:00:00+000h00m00s-006h00m00s # (#)
 Found name X003WG1: X003WG1                           20240916@00:00:00+000h00m00s-006h00m00s # (#)
 Found name X003WG2: X003WG2                           20240916@00:00:00+000h00m00s-006h00m00s # (#)
 Found name X003LAI: X003LAI                           20240916@00:00:00+000h00m00s-006h00m00s # (#)
 Found name X003WR: X003WR                            20240916@00:00:00+000h00m00s-006h00m00s # (#)
 Found name SFX.TS: 001:011 00000 heightAboveGround   20240916@00:00:00+000h00m00s-006h00m00s # (#)
 
 Done setup_readkey (nreadkey,npppkey)          10           0
 
 READ SFX.SST         > 001:011 00000 meanSea             20240916@00:00:00+000h00m00s-006h00m00s # (#) GP
 READ SFX.SIC         > 001:091 00000 meanSea             20240916@00:00:00+000h00m00s-006h00m00s # (#) GP
 READ SFX.Z0          > 001:083 00810 heightAboveGround   20240916@00:00:00+000h00m00s-006h00m00s # (#) GP
 READ X003TG1
 READ X003TG2
 READ X003WG1
 READ X003WG2
 READ X003LAI
 READ X003WR
 READ SFX.TS          > 001:011 00000 heightAboveGround   20240916@00:00:00+000h00m00s-006h00m00s # (#) GP
 Writing to:GRIBDEOD+0006h00m00s.sfx
 WRITE: 2     sst       :    00000 surface               20240916@00:00:00+000h00m00s-006h00m00s # (#) GP
 WRITE: 2     ci        :    00000 surface               20240916@00:00:00+000h00m00s-006h00m00s # (#) GP
 WRITE: 2     fsr       :    00000 surface               20240916@00:00:00+000h00m00s-006h00m00s # (#) GP
 WRITE: 2     sot       :    00001 soilLayer             20240916@00:00:00+000h00m00s-006h00m00s # (#) GP
 WRITE: 2     sot       :    00002 soilLayer             20240916@00:00:00+000h00m00s-006h00m00s # (#) GP
 WRITE: 2     liqvsm    :    00001 soilLayer             20240916@00:00:00+000h00m00s-006h00m00s # (#) GP
 WRITE: 2     liqvsm    :    00002 soilLayer             20240916@00:00:00+000h00m00s-006h00m00s # (#) GP
 WRITE: 2     lai       :    00000 surface               20240916@00:00:00+000h00m00s-006h00m00s # (#) GP
 WRITE: 2     cnwat     :    00000 surface               20240916@00:00:00+000h00m00s-006h00m00s # (#) GP
 WRITE: 2     skt       :    00000 surface               20240916@00:00:00+000h00m00s-006h00m00s # (#) GP
2024-12-09 11:44:29 | INFO     | mv GRIBDEOD+0006h00m00s.sfx /scratch/nhab/deode/CY46h1_HARMONIE_AROME_airquality_DEMO_60x80_2500m_20240916/archive/2024/09/16/00//GRIBDEOD+0006h00m00s.sfx 
2024-12-09 11:44:29 | INFO     | Convert: /scratch/nhab/deode/CY46h1_HARMONIE_AROME_airquality_DEMO_60x80_2500m_20240916/archive/2024/09/16/00//ICMSHDEOD+0000h00m00s to GRIBDEOD+0000h00m00s
2024-12-09 11:44:29 | INFO     | BATCH: 1
2024-12-09 11:44:29 | INFO     | Batch running srun /etc/ecmwf/nfs/dh1_perm_a/deployde330/github-actions/install/gl/gl-v1.1.0/bin/gl -p /scratch/nhab/deode/CY46h1_HARMONIE_AROME_airquality_DEMO_60x80_2500m_20240916/archive/2024/09/16/00//ICMSHDEOD+0000h00m00s -o GRIBDEOD+0000h00m00s -of FA2GRIB2 -n namelist
 gl runs with OpenMP threads:           1
 Using eccodes version:        23500
 Setting "preferLocalConcepts" to 0
 Read namelist number           1
 
 Using namelist :namelist
 
 Open:/scratch/nhab/deode/CY46h1_HARMONIE_AROME_airquality_DEMO_60x80_2500m_20240916/archive/2024/09/16/00//ICMSHDEOD+0000h00m00s
 stepUnits:s         
 Scaling booleans - ljust_scale: F lcrop_scale: F
 Scaling booleans - ljust_scale: F lcrop_scale: F
 Input geometry:
 
 Data comes from:         233         255          40
 Projection     : lambert                       
 Nlon,Nlat,Nlev :          60          80          90
 South,West     :   51.1994334990689        4.03895929250509     
 North,East     :   52.9715819539643        6.20651628084583     
 Latc,Lonc      :   51.9670000000000        4.90000000000000     
 Dlon,Dlat      :   2500.00000000000        2500.00000000000     
 Projlon,Projlat(1,2)    :   4.90000000000000        51.9670000000000     
   51.9670000000000     
 E - zone   (x,y)           11          11
 I - zone   (x,y)            8           8
 Truncation (x,y)           29          39
 Data is C+I+E spectral/gridpoint
 Grid staggering is of type arakawa:A
 
 Output geometry:
 
 Data comes from:          85         255          40
 Projection     : lambert                       
 Nlon,Nlat,Nlev :          49          69          90
 South,West     :   51.1994334990689        4.03895929250509     
 North,East     :   52.7280691215187        5.79091877096215     
 Latc,Lonc      :   51.9670000000000        4.90000000000000     
 Dlon,Dlat      :   2500.00000000000        2500.00000000000     
 Projlon,Projlat(1,2)    :   4.90000000000000        51.9670000000000     
   51.9670000000000     
 E - zone   (x,y)            0           0
 I - zone   (x,y)            8           8
 Truncation (x,y)           29          39
 Data is C+I+E spectral/gridpoint
 Grid staggering is of type arakawa:A
 
 Dimension differ (nlon,nlat)
  g1:          60          80
  g2:          49          69
 Geografy differ (south,west,north,east)
  g1:   51.1994334990689        4.03895929250509        52.9715819539643     
   6.20651628084583     
  g2:   51.1994334990689        4.03895929250509        52.7280691215187     
   5.79091877096215     
 Fields will be cropped
 Table of content
 Found name SPECSURFGEOPOTEN: 1 253 z         :006 00000 heightAboveGround   20240916@00:00:00+000h00m00s Geopotential (m**2 s**-2)
 
 Done setup_readkey (nreadkey,npppkey)           1           0
 
 READ SPECSURFGEOPOTEN> 1 253 z         :006 00000 heightAboveGround   20240916@00:00:00+000h00m00s Geopotential (m**2 s**-2) SP
 Writing to:GRIBDEOD+0000h00m00s
 WRITE: 2     z         :    00000 surface               20240916@00:00:00+000h00m00s Geopotential (m**2 s**-2) SP
2024-12-09 11:44:39 | INFO     | mv GRIBDEOD+0000h00m00s /scratch/nhab/deode/CY46h1_HARMONIE_AROME_airquality_DEMO_60x80_2500m_20240916/archive/2024/09/16/00//GRIBDEOD+0000h00m00s 
2024-12-09 11:44:39 | INFO     | Convert: /scratch/nhab/deode/CY46h1_HARMONIE_AROME_airquality_DEMO_60x80_2500m_20240916/archive/2024/09/16/00//ICMSHDEOD+0001h00m00s to GRIBDEOD+0001h00m00s
2024-12-09 11:44:39 | INFO     | BATCH: 1
2024-12-09 11:44:39 | INFO     | Batch running srun /etc/ecmwf/nfs/dh1_perm_a/deployde330/github-actions/install/gl/gl-v1.1.0/bin/gl -p /scratch/nhab/deode/CY46h1_HARMONIE_AROME_airquality_DEMO_60x80_2500m_20240916/archive/2024/09/16/00//ICMSHDEOD+0001h00m00s -o GRIBDEOD+0001h00m00s -of FA2GRIB2 -n namelist
 gl runs with OpenMP threads:           1
 Using eccodes version:        23500
 Setting "preferLocalConcepts" to 0
 Read namelist number           1
 
 Using namelist :namelist
 
 Open:/scratch/nhab/deode/CY46h1_HARMONIE_AROME_airquality_DEMO_60x80_2500m_20240916/archive/2024/09/16/00//ICMSHDEOD+0001h00m00s
 stepUnits:s         
 Scaling booleans - ljust_scale: F lcrop_scale: F
 Scaling booleans - ljust_scale: F lcrop_scale: F
 Input geometry:
 
 Data comes from:         233         255          40
 Projection     : lambert                       
 Nlon,Nlat,Nlev :          60          80          90
 South,West     :   51.1994334990689        4.03895929250509     
 North,East     :   52.9715819539643        6.20651628084583     
 Latc,Lonc      :   51.9670000000000        4.90000000000000     
 Dlon,Dlat      :   2500.00000000000        2500.00000000000     
 Projlon,Projlat(1,2)    :   4.90000000000000        51.9670000000000     
   51.9670000000000     
 E - zone   (x,y)           11          11
 I - zone   (x,y)            8           8
 Truncation (x,y)           29          39
 Data is C+I+E spectral/gridpoint
 Grid staggering is of type arakawa:A
 
 Output geometry:
 
 Data comes from:          85         255          40
 Projection     : lambert                       
 Nlon,Nlat,Nlev :          49          69          90
 South,West     :   51.1994334990689        4.03895929250509     
 North,East     :   52.7280691215187        5.79091877096215     
 Latc,Lonc      :   51.9670000000000        4.90000000000000     
 Dlon,Dlat      :   2500.00000000000        2500.00000000000     
 Projlon,Projlat(1,2)    :   4.90000000000000        51.9670000000000     
   51.9670000000000     
 E - zone   (x,y)            0           0
 I - zone   (x,y)            8           8
 Truncation (x,y)           29          39
 Data is C+I+E spectral/gridpoint
 Grid staggering is of type arakawa:A
 
 Dimension differ (nlon,nlat)
  g1:          60          80
  g2:          49          69
 Geografy differ (south,west,north,east)
  g1:   51.1994334990689        4.03895929250509        52.9715819539643     
   6.20651628084583     
  g2:   51.1994334990689        4.03895929250509        52.7280691215187     
   5.79091877096215     
 Fields will be cropped
 Table of content
 Found name SPECSURFGEOPOTEN: 1 253 z         :006 00000 heightAboveGround   20240916@00:00:00+000h00m00s-001h00m00s Geopotential (m**2 s**-2)
 
 Done setup_readkey (nreadkey,npppkey)           1           0
 
 READ SPECSURFGEOPOTEN> 1 253 z         :006 00000 heightAboveGround   20240916@00:00:00+000h00m00s-001h00m00s Geopotential (m**2 s**-2) SP
 Writing to:GRIBDEOD+0001h00m00s
 WRITE: 2     z         :    00000 surface               20240916@00:00:00+000h00m00s-001h00m00s Geopotential (m**2 s**-2) SP
2024-12-09 11:44:55 | INFO     | mv GRIBDEOD+0001h00m00s /scratch/nhab/deode/CY46h1_HARMONIE_AROME_airquality_DEMO_60x80_2500m_20240916/archive/2024/09/16/00//GRIBDEOD+0001h00m00s 
2024-12-09 11:44:55 | INFO     | Convert: /scratch/nhab/deode/CY46h1_HARMONIE_AROME_airquality_DEMO_60x80_2500m_20240916/archive/2024/09/16/00//ICMSHDEOD+0002h00m00s to GRIBDEOD+0002h00m00s
2024-12-09 11:44:55 | INFO     | BATCH: 1
2024-12-09 11:44:55 | INFO     | Batch running srun /etc/ecmwf/nfs/dh1_perm_a/deployde330/github-actions/install/gl/gl-v1.1.0/bin/gl -p /scratch/nhab/deode/CY46h1_HARMONIE_AROME_airquality_DEMO_60x80_2500m_20240916/archive/2024/09/16/00//ICMSHDEOD+0002h00m00s -o GRIBDEOD+0002h00m00s -of FA2GRIB2 -n namelist
 gl runs with OpenMP threads:           1
 Using eccodes version:        23500
 Setting "preferLocalConcepts" to 0
 Read namelist number           1
 
 Using namelist :namelist
 
 Open:/scratch/nhab/deode/CY46h1_HARMONIE_AROME_airquality_DEMO_60x80_2500m_20240916/archive/2024/09/16/00//ICMSHDEOD+0002h00m00s
 stepUnits:s         
 Scaling booleans - ljust_scale: F lcrop_scale: F
 Scaling booleans - ljust_scale: F lcrop_scale: F
 Input geometry:
 
 Data comes from:         233         255          40
 Projection     : lambert                       
 Nlon,Nlat,Nlev :          60          80          90
 South,West     :   51.1994334990689        4.03895929250509     
 North,East     :   52.9715819539643        6.20651628084583     
 Latc,Lonc      :   51.9670000000000        4.90000000000000     
 Dlon,Dlat      :   2500.00000000000        2500.00000000000     
 Projlon,Projlat(1,2)    :   4.90000000000000        51.9670000000000     
   51.9670000000000     
 E - zone   (x,y)           11          11
 I - zone   (x,y)            8           8
 Truncation (x,y)           29          39
 Data is C+I+E spectral/gridpoint
 Grid staggering is of type arakawa:A
 
 Output geometry:
 
 Data comes from:          85         255          40
 Projection     : lambert                       
 Nlon,Nlat,Nlev :          49          69          90
 South,West     :   51.1994334990689        4.03895929250509     
 North,East     :   52.7280691215187        5.79091877096215     
 Latc,Lonc      :   51.9670000000000        4.90000000000000     
 Dlon,Dlat      :   2500.00000000000        2500.00000000000     
 Projlon,Projlat(1,2)    :   4.90000000000000        51.9670000000000     
   51.9670000000000     
 E - zone   (x,y)            0           0
 I - zone   (x,y)            8           8
 Truncation (x,y)           29          39
 Data is C+I+E spectral/gridpoint
 Grid staggering is of type arakawa:A
 
 Dimension differ (nlon,nlat)
  g1:          60          80
  g2:          49          69
 Geografy differ (south,west,north,east)
  g1:   51.1994334990689        4.03895929250509        52.9715819539643     
   6.20651628084583     
  g2:   51.1994334990689        4.03895929250509        52.7280691215187     
   5.79091877096215     
 Fields will be cropped
 Table of content
 Found name SPECSURFGEOPOTEN: 1 253 z         :006 00000 heightAboveGround   20240916@00:00:00+000h00m00s-002h00m00s Geopotential (m**2 s**-2)
 
 Done setup_readkey (nreadkey,npppkey)           1           0
 
 READ SPECSURFGEOPOTEN> 1 253 z         :006 00000 heightAboveGround   20240916@00:00:00+000h00m00s-002h00m00s Geopotential (m**2 s**-2) SP
 Writing to:GRIBDEOD+0002h00m00s
 WRITE: 2     z         :    00000 surface               20240916@00:00:00+000h00m00s-002h00m00s Geopotential (m**2 s**-2) SP
2024-12-09 11:44:58 | INFO     | mv GRIBDEOD+0002h00m00s /scratch/nhab/deode/CY46h1_HARMONIE_AROME_airquality_DEMO_60x80_2500m_20240916/archive/2024/09/16/00//GRIBDEOD+0002h00m00s 
2024-12-09 11:44:58 | INFO     | Convert: /scratch/nhab/deode/CY46h1_HARMONIE_AROME_airquality_DEMO_60x80_2500m_20240916/archive/2024/09/16/00//ICMSHDEOD+0003h00m00s to GRIBDEOD+0003h00m00s
2024-12-09 11:44:59 | INFO     | BATCH: 1
2024-12-09 11:44:59 | INFO     | Batch running srun /etc/ecmwf/nfs/dh1_perm_a/deployde330/github-actions/install/gl/gl-v1.1.0/bin/gl -p /scratch/nhab/deode/CY46h1_HARMONIE_AROME_airquality_DEMO_60x80_2500m_20240916/archive/2024/09/16/00//ICMSHDEOD+0003h00m00s -o GRIBDEOD+0003h00m00s -of FA2GRIB2 -n namelist
 gl runs with OpenMP threads:           1
 Using eccodes version:        23500
 Setting "preferLocalConcepts" to 0
 Read namelist number           1
 
 Using namelist :namelist
 
 Open:/scratch/nhab/deode/CY46h1_HARMONIE_AROME_airquality_DEMO_60x80_2500m_20240916/archive/2024/09/16/00//ICMSHDEOD+0003h00m00s
 stepUnits:s         
 Scaling booleans - ljust_scale: F lcrop_scale: F
 Scaling booleans - ljust_scale: F lcrop_scale: F
 Input geometry:
 
 Data comes from:         233         255          40
 Projection     : lambert                       
 Nlon,Nlat,Nlev :          60          80          90
 South,West     :   51.1994334990689        4.03895929250509     
 North,East     :   52.9715819539643        6.20651628084583     
 Latc,Lonc      :   51.9670000000000        4.90000000000000     
 Dlon,Dlat      :   2500.00000000000        2500.00000000000     
 Projlon,Projlat(1,2)    :   4.90000000000000        51.9670000000000     
   51.9670000000000     
 E - zone   (x,y)           11          11
 I - zone   (x,y)            8           8
 Truncation (x,y)           29          39
 Data is C+I+E spectral/gridpoint
 Grid staggering is of type arakawa:A
 
 Output geometry:
 
 Data comes from:          85         255          40
 Projection     : lambert                       
 Nlon,Nlat,Nlev :          49          69          90
 South,West     :   51.1994334990689        4.03895929250509     
 North,East     :   52.7280691215187        5.79091877096215     
 Latc,Lonc      :   51.9670000000000        4.90000000000000     
 Dlon,Dlat      :   2500.00000000000        2500.00000000000     
 Projlon,Projlat(1,2)    :   4.90000000000000        51.9670000000000     
   51.9670000000000     
 E - zone   (x,y)            0           0
 I - zone   (x,y)            8           8
 Truncation (x,y)           29          39
 Data is C+I+E spectral/gridpoint
 Grid staggering is of type arakawa:A
 
 Dimension differ (nlon,nlat)
  g1:          60          80
  g2:          49          69
 Geografy differ (south,west,north,east)
  g1:   51.1994334990689        4.03895929250509        52.9715819539643     
   6.20651628084583     
  g2:   51.1994334990689        4.03895929250509        52.7280691215187     
   5.79091877096215     
 Fields will be cropped
 Table of content
 Found name SPECSURFGEOPOTEN: 1 253 z         :006 00000 heightAboveGround   20240916@00:00:00+000h00m00s-003h00m00s Geopotential (m**2 s**-2)
 
 Done setup_readkey (nreadkey,npppkey)           1           0
 
 READ SPECSURFGEOPOTEN> 1 253 z         :006 00000 heightAboveGround   20240916@00:00:00+000h00m00s-003h00m00s Geopotential (m**2 s**-2) SP
 Writing to:GRIBDEOD+0003h00m00s
 WRITE: 2     z         :    00000 surface               20240916@00:00:00+000h00m00s-003h00m00s Geopotential (m**2 s**-2) SP
2024-12-09 11:45:02 | INFO     | mv GRIBDEOD+0003h00m00s /scratch/nhab/deode/CY46h1_HARMONIE_AROME_airquality_DEMO_60x80_2500m_20240916/archive/2024/09/16/00//GRIBDEOD+0003h00m00s 
2024-12-09 11:45:02 | INFO     | Convert: /scratch/nhab/deode/CY46h1_HARMONIE_AROME_airquality_DEMO_60x80_2500m_20240916/archive/2024/09/16/00//ICMSHDEOD+0004h00m00s to GRIBDEOD+0004h00m00s
2024-12-09 11:45:02 | INFO     | BATCH: 1
2024-12-09 11:45:02 | INFO     | Batch running srun /etc/ecmwf/nfs/dh1_perm_a/deployde330/github-actions/install/gl/gl-v1.1.0/bin/gl -p /scratch/nhab/deode/CY46h1_HARMONIE_AROME_airquality_DEMO_60x80_2500m_20240916/archive/2024/09/16/00//ICMSHDEOD+0004h00m00s -o GRIBDEOD+0004h00m00s -of FA2GRIB2 -n namelist
 gl runs with OpenMP threads:           1
 Using eccodes version:        23500
 Setting "preferLocalConcepts" to 0
 Read namelist number           1
 
 Using namelist :namelist
 
 Open:/scratch/nhab/deode/CY46h1_HARMONIE_AROME_airquality_DEMO_60x80_2500m_20240916/archive/2024/09/16/00//ICMSHDEOD+0004h00m00s
 stepUnits:s         
 Scaling booleans - ljust_scale: F lcrop_scale: F
 Scaling booleans - ljust_scale: F lcrop_scale: F
 Input geometry:
 
 Data comes from:         233         255          40
 Projection     : lambert                       
 Nlon,Nlat,Nlev :          60          80          90
 South,West     :   51.1994334990689        4.03895929250509     
 North,East     :   52.9715819539643        6.20651628084583     
 Latc,Lonc      :   51.9670000000000        4.90000000000000     
 Dlon,Dlat      :   2500.00000000000        2500.00000000000     
 Projlon,Projlat(1,2)    :   4.90000000000000        51.9670000000000     
   51.9670000000000     
 E - zone   (x,y)           11          11
 I - zone   (x,y)            8           8
 Truncation (x,y)           29          39
 Data is C+I+E spectral/gridpoint
 Grid staggering is of type arakawa:A
 
 Output geometry:
 
 Data comes from:          85         255          40
 Projection     : lambert                       
 Nlon,Nlat,Nlev :          49          69          90
 South,West     :   51.1994334990689        4.03895929250509     
 North,East     :   52.7280691215187        5.79091877096215     
 Latc,Lonc      :   51.9670000000000        4.90000000000000     
 Dlon,Dlat      :   2500.00000000000        2500.00000000000     
 Projlon,Projlat(1,2)    :   4.90000000000000        51.9670000000000     
   51.9670000000000     
 E - zone   (x,y)            0           0
 I - zone   (x,y)            8           8
 Truncation (x,y)           29          39
 Data is C+I+E spectral/gridpoint
 Grid staggering is of type arakawa:A
 
 Dimension differ (nlon,nlat)
  g1:          60          80
  g2:          49          69
 Geografy differ (south,west,north,east)
  g1:   51.1994334990689        4.03895929250509        52.9715819539643     
   6.20651628084583     
  g2:   51.1994334990689        4.03895929250509        52.7280691215187     
   5.79091877096215     
 Fields will be cropped
 Table of content
 Found name SPECSURFGEOPOTEN: 1 253 z         :006 00000 heightAboveGround   20240916@00:00:00+000h00m00s-004h00m00s Geopotential (m**2 s**-2)
 
 Done setup_readkey (nreadkey,npppkey)           1           0
 
 READ SPECSURFGEOPOTEN> 1 253 z         :006 00000 heightAboveGround   20240916@00:00:00+000h00m00s-004h00m00s Geopotential (m**2 s**-2) SP
 Writing to:GRIBDEOD+0004h00m00s
 WRITE: 2     z         :    00000 surface               20240916@00:00:00+000h00m00s-004h00m00s Geopotential (m**2 s**-2) SP
2024-12-09 11:45:04 | INFO     | mv GRIBDEOD+0004h00m00s /scratch/nhab/deode/CY46h1_HARMONIE_AROME_airquality_DEMO_60x80_2500m_20240916/archive/2024/09/16/00//GRIBDEOD+0004h00m00s 
2024-12-09 11:45:04 | INFO     | Convert: /scratch/nhab/deode/CY46h1_HARMONIE_AROME_airquality_DEMO_60x80_2500m_20240916/archive/2024/09/16/00//ICMSHDEOD+0005h00m00s to GRIBDEOD+0005h00m00s
2024-12-09 11:45:04 | INFO     | BATCH: 1
2024-12-09 11:45:04 | INFO     | Batch running srun /etc/ecmwf/nfs/dh1_perm_a/deployde330/github-actions/install/gl/gl-v1.1.0/bin/gl -p /scratch/nhab/deode/CY46h1_HARMONIE_AROME_airquality_DEMO_60x80_2500m_20240916/archive/2024/09/16/00//ICMSHDEOD+0005h00m00s -o GRIBDEOD+0005h00m00s -of FA2GRIB2 -n namelist
 gl runs with OpenMP threads:           1
 Using eccodes version:        23500
 Setting "preferLocalConcepts" to 0
 Read namelist number           1
 
 Using namelist :namelist
 
 Open:/scratch/nhab/deode/CY46h1_HARMONIE_AROME_airquality_DEMO_60x80_2500m_20240916/archive/2024/09/16/00//ICMSHDEOD+0005h00m00s
 stepUnits:s         
 Scaling booleans - ljust_scale: F lcrop_scale: F
 Scaling booleans - ljust_scale: F lcrop_scale: F
 Input geometry:
 
 Data comes from:         233         255          40
 Projection     : lambert                       
 Nlon,Nlat,Nlev :          60          80          90
 South,West     :   51.1994334990689        4.03895929250509     
 North,East     :   52.9715819539643        6.20651628084583     
 Latc,Lonc      :   51.9670000000000        4.90000000000000     
 Dlon,Dlat      :   2500.00000000000        2500.00000000000     
 Projlon,Projlat(1,2)    :   4.90000000000000        51.9670000000000     
   51.9670000000000     
 E - zone   (x,y)           11          11
 I - zone   (x,y)            8           8
 Truncation (x,y)           29          39
 Data is C+I+E spectral/gridpoint
 Grid staggering is of type arakawa:A
 
 Output geometry:
 
 Data comes from:          85         255          40
 Projection     : lambert                       
 Nlon,Nlat,Nlev :          49          69          90
 South,West     :   51.1994334990689        4.03895929250509     
 North,East     :   52.7280691215187        5.79091877096215     
 Latc,Lonc      :   51.9670000000000        4.90000000000000     
 Dlon,Dlat      :   2500.00000000000        2500.00000000000     
 Projlon,Projlat(1,2)    :   4.90000000000000        51.9670000000000     
   51.9670000000000     
 E - zone   (x,y)            0           0
 I - zone   (x,y)            8           8
 Truncation (x,y)           29          39
 Data is C+I+E spectral/gridpoint
 Grid staggering is of type arakawa:A
 
 Dimension differ (nlon,nlat)
  g1:          60          80
  g2:          49          69
 Geografy differ (south,west,north,east)
  g1:   51.1994334990689        4.03895929250509        52.9715819539643     
   6.20651628084583     
  g2:   51.1994334990689        4.03895929250509        52.7280691215187     
   5.79091877096215     
 Fields will be cropped
 Table of content
 Found name SPECSURFGEOPOTEN: 1 253 z         :006 00000 heightAboveGround   20240916@00:00:00+000h00m00s-005h00m00s Geopotential (m**2 s**-2)
 
 Done setup_readkey (nreadkey,npppkey)           1           0
 
 READ SPECSURFGEOPOTEN> 1 253 z         :006 00000 heightAboveGround   20240916@00:00:00+000h00m00s-005h00m00s Geopotential (m**2 s**-2) SP
 Writing to:GRIBDEOD+0005h00m00s
 WRITE: 2     z         :    00000 surface               20240916@00:00:00+000h00m00s-005h00m00s Geopotential (m**2 s**-2) SP
2024-12-09 11:45:11 | INFO     | mv GRIBDEOD+0005h00m00s /scratch/nhab/deode/CY46h1_HARMONIE_AROME_airquality_DEMO_60x80_2500m_20240916/archive/2024/09/16/00//GRIBDEOD+0005h00m00s 
2024-12-09 11:45:11 | INFO     | Convert: /scratch/nhab/deode/CY46h1_HARMONIE_AROME_airquality_DEMO_60x80_2500m_20240916/archive/2024/09/16/00//ICMSHDEOD+0006h00m00s to GRIBDEOD+0006h00m00s
2024-12-09 11:45:11 | INFO     | BATCH: 1
2024-12-09 11:45:11 | INFO     | Batch running srun /etc/ecmwf/nfs/dh1_perm_a/deployde330/github-actions/install/gl/gl-v1.1.0/bin/gl -p /scratch/nhab/deode/CY46h1_HARMONIE_AROME_airquality_DEMO_60x80_2500m_20240916/archive/2024/09/16/00//ICMSHDEOD+0006h00m00s -o GRIBDEOD+0006h00m00s -of FA2GRIB2 -n namelist
 gl runs with OpenMP threads:           1
 Using eccodes version:        23500
 Setting "preferLocalConcepts" to 0
 Read namelist number           1
 
 Using namelist :namelist
 
 Open:/scratch/nhab/deode/CY46h1_HARMONIE_AROME_airquality_DEMO_60x80_2500m_20240916/archive/2024/09/16/00//ICMSHDEOD+0006h00m00s
 stepUnits:s         
 Scaling booleans - ljust_scale: F lcrop_scale: F
 Scaling booleans - ljust_scale: F lcrop_scale: F
 Input geometry:
 
 Data comes from:         233         255          40
 Projection     : lambert                       
 Nlon,Nlat,Nlev :          60          80          90
 South,West     :   51.1994334990689        4.03895929250509     
 North,East     :   52.9715819539643        6.20651628084583     
 Latc,Lonc      :   51.9670000000000        4.90000000000000     
 Dlon,Dlat      :   2500.00000000000        2500.00000000000     
 Projlon,Projlat(1,2)    :   4.90000000000000        51.9670000000000     
   51.9670000000000     
 E - zone   (x,y)           11          11
 I - zone   (x,y)            8           8
 Truncation (x,y)           29          39
 Data is C+I+E spectral/gridpoint
 Grid staggering is of type arakawa:A
 
 Output geometry:
 
 Data comes from:          85         255          40
 Projection     : lambert                       
 Nlon,Nlat,Nlev :          49          69          90
 South,West     :   51.1994334990689        4.03895929250509     
 North,East     :   52.7280691215187        5.79091877096215     
 Latc,Lonc      :   51.9670000000000        4.90000000000000     
 Dlon,Dlat      :   2500.00000000000        2500.00000000000     
 Projlon,Projlat(1,2)    :   4.90000000000000        51.9670000000000     
   51.9670000000000     
 E - zone   (x,y)            0           0
 I - zone   (x,y)            8           8
 Truncation (x,y)           29          39
 Data is C+I+E spectral/gridpoint
 Grid staggering is of type arakawa:A
 
 Dimension differ (nlon,nlat)
  g1:          60          80
  g2:          49          69
 Geografy differ (south,west,north,east)
  g1:   51.1994334990689        4.03895929250509        52.9715819539643     
   6.20651628084583     
  g2:   51.1994334990689        4.03895929250509        52.7280691215187     
   5.79091877096215     
 Fields will be cropped
 Table of content
 Found name SPECSURFGEOPOTEN: 1 253 z         :006 00000 heightAboveGround   20240916@00:00:00+000h00m00s-006h00m00s Geopotential (m**2 s**-2)
 
 Done setup_readkey (nreadkey,npppkey)           1           0
 
 READ SPECSURFGEOPOTEN> 1 253 z         :006 00000 heightAboveGround   20240916@00:00:00+000h00m00s-006h00m00s Geopotential (m**2 s**-2) SP
 Writing to:GRIBDEOD+0006h00m00s
 WRITE: 2     z         :    00000 surface               20240916@00:00:00+000h00m00s-006h00m00s Geopotential (m**2 s**-2) SP
2024-12-09 11:45:12 | INFO     | mv GRIBDEOD+0006h00m00s /scratch/nhab/deode/CY46h1_HARMONIE_AROME_airquality_DEMO_60x80_2500m_20240916/archive/2024/09/16/00//GRIBDEOD+0006h00m00s 
2024-12-09 11:45:12 | INFO     | Renamed /scratch/nhab/deode/CY46h1_HARMONIE_AROME_airquality_DEMO_60x80_2500m_20240916/20240916_0000//ac6-189.bullx708631 to /scratch/nhab/deode/CY46h1_HARMONIE_AROME_airquality_DEMO_60x80_2500m_20240916/20240916_0000//Finished_task_CreateGrib_ac6-189.bullx708631
2024-12-09 11:45:12 | INFO     | Finished task Creategrib
[ECMWF-INFO -ecepilog] ----------------------------------------------------------------------------------------------------
[ECMWF-INFO -ecepilog] This is the ECMWF job Epilogue
[ECMWF-INFO -ecepilog] +++ Please report issues using the Support portal +++
[ECMWF-INFO -ecepilog] +++ https://support.ecmwf.int                     +++
[ECMWF-INFO -ecepilog] ----------------------------------------------------------------------------------------------------
[ECMWF-INFO -ecepilog] Run at 2024-12-09T11:45:13 on ac
[ECMWF-INFO -ecepilog] JobName                   : Creategrib
[ECMWF-INFO -ecepilog] JobID                     : 34010149
[ECMWF-INFO -ecepilog] Submit                    : 2024-12-09T11:43:02
[ECMWF-INFO -ecepilog] Start                     : 2024-12-09T11:43:04
[ECMWF-INFO -ecepilog] End                       : 2024-12-09T11:45:13
[ECMWF-INFO -ecepilog] QueuedTime                : 2.0
[ECMWF-INFO -ecepilog] ElapsedRaw                : 129
[ECMWF-INFO -ecepilog] ExitCode                  : 0:0
[ECMWF-INFO -ecepilog] DerivedExitCode           : 0:0
[ECMWF-INFO -ecepilog] State                     : COMPLETED
[ECMWF-INFO -ecepilog] Account                   : dkhirlam
[ECMWF-INFO -ecepilog] QOS                       : nf
[ECMWF-INFO -ecepilog] User                      : nhab
[ECMWF-INFO -ecepilog] StdOut                    : /etc/ecmwf/nfs/dh2_perm_b/nhab/hm_home/deode/my_fork/Creategrib.log
[ECMWF-INFO -ecepilog] StdErr                    : /etc/ecmwf/nfs/dh2_perm_b/nhab/hm_home/deode/my_fork/Creategrib.log
[ECMWF-INFO -ecepilog] NNodes                    : 1
[ECMWF-INFO -ecepilog] NCPUS                     : 2
[ECMWF-INFO -ecepilog] SBU                       : 0.611
[ECMWF-INFO -ecepilog] jobtag                    : nhab-Creategrib-1x2-/etc/ecmwf/nfs/dh2_perm_b/nhab/hm_home/deode/my_fork/Creategrib.log
[ECMWF-INFO -ecepilog] ----------------------------------------------------------------------------------------------------

