[ECMWF-INFO -ecsbatch] - -------------------------------------------------------------------------------------
[ECMWF-INFO -ecsbatch] -  This is the ECMWF jobfilter
[ECMWF-INFO -ecsbatch] -  +++ Please report issues using the Support portal +++
[ECMWF-INFO -ecsbatch] -  +++ https://support.ecmwf.int                     +++
[ECMWF-INFO -ecsbatch] -  /usr/local/bin/ecsbatch: size: 52065, mtime: Tue Nov 12 09:54:58 2024
[ECMWF-INFO -ecsbatch] - -------------------------------------------------------------------------------------
[ECMWF-INFO -ecsbatch] - Time at submit: Mon Dec  9 11:44:14 2024 (1733744654.5894024) on ac6-208.bullx:/etc/ecmwf/nfs/dh1_home_b/nhab
[ECMWF-INFO -ecsbatch] - --- SLURM VARIABLES ---
[ECMWF-INFO -ecsbatch] - EC_CLUSTER=ac
[ECMWF-INFO -ecsbatch] - SLURM_EXPORT_ENV=ALL
[ECMWF-INFO -ecsbatch] - SBATCH_EXPORT=NONE
[ECMWF-INFO -ecsbatch] - -----------------------
[ECMWF-INFO -ecsbatch] - jobscript received on STDIN
[ECMWF-INFO -ecsbatch] - --- SCRIPT OPTIONS ---
[ECMWF-INFO -ecsbatch] - #SBATCH --output=/etc/ecmwf/nfs/dh2_perm_b/nhab/hm_home/deode/my_fork/FirstGuess.log
[ECMWF-INFO -ecsbatch] - #SBATCH --job-name=FirstGuess
[ECMWF-INFO -ecsbatch] - #SBATCH --nodes=1
[ECMWF-INFO -ecsbatch] - #SBATCH --ntasks=1
[ECMWF-INFO -ecsbatch] - #SBATCH --qos=nf
[ECMWF-INFO -ecsbatch] - #SBATCH --signal=USR1@30
[ECMWF-INFO -ecsbatch] - #SBATCH --time=00:15:00
[ECMWF-INFO -ecsbatch] - -----------------------
[ECMWF-INFO -ecsbatch] - --- POST-PROCESSED OPTIONS ---
[ECMWF-INFO -ecsbatch] - ARG --job_name=FirstGuess
[ECMWF-INFO -ecsbatch] - ARG --ntasks=1
[ECMWF-INFO -ecsbatch] - ARG --nodes=1
[ECMWF-INFO -ecsbatch] - ARG --output=/etc/ecmwf/nfs/dh2_perm_b/nhab/hm_home/deode/my_fork/FirstGuess.log
[ECMWF-INFO -ecsbatch] - ARG --qos=nf
[ECMWF-INFO -ecsbatch] - ARG --signal=USR1@30
[ECMWF-INFO -ecsbatch] - ARG --time=00:15:00
[ECMWF-INFO -ecsbatch] - ------------------------------
[ECMWF-INFO -ecsbatch] - jobtag: nhab-FirstGuess-1x2-/etc/ecmwf/nfs/dh2_perm_b/nhab/hm_home/deode/my_fork/FirstGuess.log
[ECMWF-INFO -ecsbatch] - ['/usr/bin/sbatch', '--job-name=FirstGuess', '--ntasks=1', '--nodes=1', '--output=/etc/ecmwf/nfs/dh2_perm_b/nhab/hm_home/deode/my_fork/FirstGuess.log', '--qos=nf', '--signal=USR1@30', '--time=00:15:00', '--export=SLURM_JOB_STDOUT=/etc/ecmwf/nfs/dh2_perm_b/nhab/hm_home/deode/my_fork/FirstGuess.log,EC_user_time_limit=00:15:00']
[ECMWF-INFO -ecsbatch] - ecsbatch executed on ac
[ECMWF-INFO -ecsbatch] - Job queued on ac using method local
[ECMWF-INFO -ecsbatch] - Submitted batch job 34010558
[ECMWF-INFO -ecprofile] /usr/bin/bash NON_INTERACTIVE on ac6-183 at 20241209_114429.346, PID: 1308866, JOBID: 34010558
[ECMWF-INFO -ecprofile] $SCRATCH=/ec/res4/scratch/nhab
[ECMWF-INFO -ecprofile] $PERM=/perm/nhab
[ECMWF-INFO -ecprofile] $HPCPERM=/ec/res4/hpcperm/nhab
[ECMWF-INFO -ecprofile] $TMPDIR=/etc/ecmwf/ssd/ssd1/tmpdirs/nhab.34010558
[ECMWF-INFO -ecprofile] $SCRATCHDIR=/ec/res4/scratchdir/nhab/6/34010558

Due to MODULEPATH changes, the following have been reloaded:
  1) ecmwf-toolbox/2024.02.1.0     3) hdf5/1.10.6            5) netcdf4/4.7.4
  2) fftw/3.3.9                    4) hpcx-openmpi/2.9.0

The following have been reloaded with a version change:
  1) prgenv/gnu => prgenv/intel

2024-12-09 11:44:38 | INFO     | Running task FirstGuess
2024-12-09 11:44:38 | INFO     | Task search path: ['/etc/ecmwf/nfs/dh2_perm_b/nhab/hm_home/deode/my_fork/deode/tasks']
2024-12-09 11:44:38 | INFO     | Loading module deode.tasks.archive
2024-12-09 11:44:38 | INFO     | Loading module deode.tasks.base
2024-12-09 11:44:38 | INFO     | Loading module deode.tasks.batch
2024-12-09 11:44:38 | INFO     | Loading module deode.tasks.c903
2024-12-09 11:44:38 | INFO     | Skipping task marsprep imported by deode.tasks.c903
2024-12-09 11:44:38 | INFO     | Loading module deode.tasks.canari
2024-12-09 11:44:38 | INFO     | Loading module deode.tasks.clean_old_data
2024-12-09 11:44:38 | INFO     | Loading module deode.tasks.cleaning_tasks
2024-12-09 11:44:38 | INFO     | Loading module deode.tasks.collectlogs
2024-12-09 11:44:38 | INFO     | Loading module deode.tasks.creategrib
2024-12-09 11:44:38 | INFO     | Loading module deode.tasks.discover_task
2024-12-09 11:44:38 | INFO     | Loading module deode.tasks.e923
2024-12-09 11:44:38 | INFO     | Loading module deode.tasks.e923_update
2024-12-09 11:44:38 | INFO     | Loading module deode.tasks.e927
2024-12-09 11:44:38 | INFO     | Loading module deode.tasks.extractsqlite
2024-12-09 11:44:39 | INFO     | Loading module deode.tasks.forecast
2024-12-09 11:44:39 | INFO     | Loading module deode.tasks.gmtedsoil
2024-12-09 11:44:39 | INFO     | Loading module deode.tasks.gribmodify
2024-12-09 11:44:39 | INFO     | Loading module deode.tasks.impacts
2024-12-09 11:44:39 | INFO     | Loading module deode.tasks.iomerge
2024-12-09 11:44:39 | INFO     | Loading module deode.tasks.marsprep
2024-12-09 11:44:39 | INFO     | Loading module deode.tasks.serial
2024-12-09 11:44:39 | INFO     | Loading module deode.tasks.sfx
2024-12-09 11:44:39 | INFO     | Skipping task marsprep imported by deode.tasks.sfx
2024-12-09 11:44:39 | INFO     | Task FirstGuess running in /scratch/nhab/deode/CY46h1_HARMONIE_AROME_airquality_DEMO_60x80_2500m_20240916/20240916_0000//ac6-183.bullx1309643
2024-12-09 11:44:39 | INFO     | Set ECCODES_DEFINITION_PATH to /etc/ecmwf/nfs/dh2_perm_b/nhab/hm_home/deode/my_fork/deode/data/eccodes/definitions
2024-12-09 11:44:39 | INFO     | Found initial files for mode=cold_start
  /scratch/nhab/deode/CY46h1_HARMONIE_AROME_airquality_DEMO_60x80_2500m_20240916/20240916_0000//ELSCFDEODALBC000
  /scratch/nhab/deode/CY46h1_HARMONIE_AROME_airquality_DEMO_60x80_2500m_20240916/archive/2024/09/16/00//ICMSHDEODINIT.sfx
2024-12-09 11:44:39 | INFO     | Renamed /scratch/nhab/deode/CY46h1_HARMONIE_AROME_airquality_DEMO_60x80_2500m_20240916/20240916_0000//ac6-183.bullx1309643 to /scratch/nhab/deode/CY46h1_HARMONIE_AROME_airquality_DEMO_60x80_2500m_20240916/20240916_0000//Finished_task_FirstGuess_ac6-183.bullx1309643
2024-12-09 11:44:39 | INFO     | Finished task FirstGuess
[ECMWF-INFO -ecepilog] ----------------------------------------------------------------------------------------------------
[ECMWF-INFO -ecepilog] This is the ECMWF job Epilogue
[ECMWF-INFO -ecepilog] +++ Please report issues using the Support portal +++
[ECMWF-INFO -ecepilog] +++ https://support.ecmwf.int                     +++
[ECMWF-INFO -ecepilog] ----------------------------------------------------------------------------------------------------
[ECMWF-INFO -ecepilog] Run at 2024-12-09T11:44:39 on ac
[ECMWF-INFO -ecepilog] JobName                   : FirstGuess
[ECMWF-INFO -ecepilog] JobID                     : 34010558
[ECMWF-INFO -ecepilog] Submit                    : 2024-12-09T11:44:14
[ECMWF-INFO -ecepilog] Start                     : 2024-12-09T11:44:25
[ECMWF-INFO -ecepilog] End                       : 2024-12-09T11:44:39
[ECMWF-INFO -ecepilog] QueuedTime                : 11.0
[ECMWF-INFO -ecepilog] ElapsedRaw                : 14
[ECMWF-INFO -ecepilog] ExitCode                  : 0:0
[ECMWF-INFO -ecepilog] DerivedExitCode           : 0:0
[ECMWF-INFO -ecepilog] State                     : COMPLETED
[ECMWF-INFO -ecepilog] Account                   : dkhirlam
[ECMWF-INFO -ecepilog] QOS                       : nf
[ECMWF-INFO -ecepilog] User                      : nhab
[ECMWF-INFO -ecepilog] StdOut                    : /etc/ecmwf/nfs/dh2_perm_b/nhab/hm_home/deode/my_fork/FirstGuess.log
[ECMWF-INFO -ecepilog] StdErr                    : /etc/ecmwf/nfs/dh2_perm_b/nhab/hm_home/deode/my_fork/FirstGuess.log
[ECMWF-INFO -ecepilog] NNodes                    : 1
[ECMWF-INFO -ecepilog] NCPUS                     : 2
[ECMWF-INFO -ecepilog] SBU                       : 0.066
[ECMWF-INFO -ecepilog] jobtag                    : nhab-FirstGuess-1x2-/etc/ecmwf/nfs/dh2_perm_b/nhab/hm_home/deode/my_fork/FirstGuess.log
[ECMWF-INFO -ecepilog] ----------------------------------------------------------------------------------------------------

